<?xml version="1.0" encoding="UTF-8"?>
<!-- Generated by org.testng.reporters.JUnitReportReporter -->
<testsuite hostname="Lenovo" failures="0" tests="1" name="Data.DataDriven.excel" time="0.698" errors="0" timestamp="2023-12-10T11:25:11 IST" skipped="0">
  <testcase classname="Data.DataDriven.excel" name="prasanna" time="0.698"/>
  <system-out/>
</testsuite> <!-- Data.DataDriven.excel -->
