<?xml version="1.0" encoding="UTF-8"?>
<!-- Generated by org.testng.reporters.JUnitReportReporter -->
<testsuite hostname="Lenovo" failures="0" tests="4" name="Form.FormTest" time="10.975" errors="0" timestamp="2023-12-11T10:24:38 IST" skipped="0">
  <testcase classname="Form.FormTest" name="formfill" time="2.496"/>
  <system-out/>
  <testcase classname="Form.FormTest" name="formfill" time="2.934"/>
  <system-out/>
  <testcase classname="Form.FormTest" name="formfill" time="3.244"/>
  <system-out/>
  <testcase classname="Form.FormTest" name="formfill" time="2.301"/>
  <system-out/>
</testsuite> <!-- Form.FormTest -->
