<?xml version="1.0" encoding="UTF-8"?>
<!-- Generated by org.testng.reporters.JUnitReportReporter -->
<testsuite hostname="Lenovo" failures="0" tests="4" name="Form.FormTest2" time="12.020" errors="0" timestamp="2023-12-11T11:22:25 IST" skipped="0">
  <testcase classname="Form.FormTest2" name="formfill" time="2.320"/>
  <system-out/>
  <testcase classname="Form.FormTest2" name="formfill" time="4.755"/>
  <system-out/>
  <testcase classname="Form.FormTest2" name="formfill" time="2.332"/>
  <system-out/>
  <testcase classname="Form.FormTest2" name="formfill" time="2.613"/>
  <system-out/>
</testsuite> <!-- Form.FormTest2 -->
