<?xml version="1.0" encoding="UTF-8"?>
<!-- Generated by org.testng.reporters.JUnitReportReporter -->
<testsuite hostname="Lenovo" failures="0" tests="3" name="Data.DataDriven.dataProvider" time="0.012" errors="0" timestamp="2023-12-10T11:35:38 IST" skipped="0">
  <testcase classname="Data.DataDriven.dataProvider" name="testCaseData" time="0.008"/>
  <system-out/>
  <testcase classname="Data.DataDriven.dataProvider" name="testCaseData" time="0.002"/>
  <system-out/>
  <testcase classname="Data.DataDriven.dataProvider" name="testCaseData" time="0.002"/>
  <system-out/>
</testsuite> <!-- Data.DataDriven.dataProvider -->
